Dec 06 20:37:35.660 cs2server: INSTALL: INFO: Logs installed
Dec 06 20:37:36.106 cs2server: INSTALL: PASS: Downloading check_deps.sh...
Dec 06 20:37:36.738 cs2server: INSTALL: PASS: Checking ubuntu-22.04.csv
Dec 06 20:37:37.064 cs2server: INSTALL: PASS: Downloading ubuntu-22.04.csv...
Dec 06 20:37:39.807 cs2server: INSTALL: WARN: Missing dependencies: bc bsdmainutils jq lib32gcc-s1 lib32stdc++6 libsdl2-2.0-0:i386 netcat steamcmd unzip
Dec 06 20:37:39.913 cs2server: INSTALL: WARN: cs2server does not have sudo access. Manually install dependencies or run ./cs2server install as root.
Dec 06 20:37:40.016 cs2server: INSTALL: FATAL: Missing dependencies required to run SteamCMD.
Dec 06 20:37:40.467 cs2server: INSTALL: PASS: Downloading core_exit.sh...
Dec 06 20:37:40.470 cs2server: INSTALL: INFO: LinuxGSM version: v23.7.0
Dec 06 20:37:40.471 cs2server: INSTALL: PASS: core_exit.sh exiting with code: 0
Dec 06 20:44:22.688 cs2server: INSTALL: INFO: Logs installed
Dec 06 20:44:25.591 cs2server: INSTALL: WARN: Missing dependencies: libsdl2-2.0-0:i386
Dec 06 20:44:25.697 cs2server: INSTALL: INFO: cs2server has sudo access.
Dec 06 20:44:25.801 cs2server: INSTALL: INFO: Automatically installing missing dependencies.
Dec 06 20:45:31.380 cs2server: INSTALL: PASS: Downloading install_steamcmd.sh...
Dec 06 20:45:31.936 cs2server: INSTALL: PASS: Downloading check_steamcmd.sh...
Dec 06 20:45:32.410 cs2server: INSTALL: PASS: Downloading core_steamcmd.sh...
Dec 06 20:45:32.620 cs2server: INSTALL: INFO: Using anonymous Steam login
Dec 06 20:45:33.082 cs2server: INSTALL: PASS: Downloading install_server_files.sh...
Dec 06 20:45:33.659 cs2server: INSTALL: PASS: Downloading update_steamcmd.sh...
Dec 06 20:45:34.419 cs2server: INSTALL: INFO: Installing cs2server: SteamCMD
Redirecting stderr to '/home/cs2server/.local/share/Steam/logs/stderr.txt'
ILocalize::AddFile() failed to load file "public/steambootstrapper_english.txt".
[  0%] Checking for available update...
[----] Downloading update (0 of 59659 KB)...
[  0%] Downloading update (0 of 59659 KB)...
[  0%] Downloading update (627 of 59659 KB)...
[  1%] Downloading update (2188 of 59659 KB)...
[  3%] Downloading update (3757 of 59659 KB)...
[  6%] Downloading update (5231 of 59659 KB)...
[  8%] Downloading update (6806 of 59659 KB)...
[ 11%] Downloading update (7944 of 59659 KB)...
[ 13%] Downloading update (8882 of 59659 KB)...
[ 14%] Downloading update (9949 of 59659 KB)...
[ 16%] Downloading update (10924 of 59659 KB)...
[ 18%] Downloading update (11869 of 59659 KB)...
[ 19%] Downloading update (12944 of 59659 KB)...
[ 21%] Downloading update (13887 of 59659 KB)...
[ 23%] Downloading update (14993 of 59659 KB)...
[ 25%] Downloading update (15897 of 59659 KB)...
[ 26%] Downloading update (16878 of 59659 KB)...
[ 28%] Downloading update (17955 of 59659 KB)...
[ 30%] Downloading update (18890 of 59659 KB)...
[ 31%] Downloading update (19855 of 59659 KB)...
[ 33%] Downloading update (20874 of 59659 KB)...
[ 34%] Downloading update (21829 of 59659 KB)...
[ 36%] Downloading update (22765 of 59659 KB)...
[ 38%] Downloading update (23785 of 59659 KB)...
[ 39%] Downloading update (24721 of 59659 KB)...
[ 41%] Downloading update (25782 of 59659 KB)...
[ 43%] Downloading update (26727 of 59659 KB)...
[ 44%] Downloading update (27636 of 59659 KB)...
[ 46%] Downloading update (28686 of 59659 KB)...
[ 48%] Downloading update (29630 of 59659 KB)...
[ 49%] Downloading update (30543 of 59659 KB)...
[ 51%] Downloading update (31572 of 59659 KB)...
[ 52%] Downloading update (32505 of 59659 KB)...
[ 54%] Downloading update (33526 of 59659 KB)...
[ 56%] Downloading update (34448 of 59659 KB)...
[ 57%] Downloading update (35390 of 59659 KB)...
[ 59%] Downloading update (36376 of 59659 KB)...
[ 60%] Downloading update (37306 of 59659 KB)...
[ 62%] Downloading update (38244 of 59659 KB)...
[ 64%] Downloading update (39228 of 59659 KB)...
[ 65%] Downloading update (40067 of 59659 KB)...
[ 67%] Downloading update (41066 of 59659 KB)...
[ 68%] Downloading update (41654 of 59659 KB)...
[ 69%] Downloading update (41997 of 59659 KB)...
[ 70%] Downloading update (42087 of 59659 KB)...
[ 70%] Downloading update (42534 of 59659 KB)...
[ 71%] Downloading update (43028 of 59659 KB)...
[ 72%] Downloading update (43507 of 59659 KB)...
[ 72%] Downloading update (43970 of 59659 KB)...
[ 73%] Downloading update (44478 of 59659 KB)...
[ 74%] Downloading update (44962 of 59659 KB)...
[ 75%] Downloading update (45430 of 59659 KB)...
[ 76%] Downloading update (45935 of 59659 KB)...
[ 76%] Downloading update (46394 of 59659 KB)...
[ 77%] Downloading update (46900 of 59659 KB)...
[ 78%] Downloading update (47361 of 59659 KB)...
[ 79%] Downloading update (47826 of 59659 KB)...
[ 80%] Downloading update (48353 of 59659 KB)...
[ 81%] Downloading update (48804 of 59659 KB)...
[ 81%] Downloading update (49263 of 59659 KB)...
[ 82%] Downloading update (49775 of 59659 KB)...
[ 83%] Downloading update (50249 of 59659 KB)...
[ 84%] Downloading update (50730 of 59659 KB)...
[ 85%] Downloading update (51258 of 59659 KB)...
[ 85%] Downloading update (51709 of 59659 KB)...
[ 86%] Downloading update (52234 of 59659 KB)...
[ 87%] Downloading update (52683 of 59659 KB)...
[ 88%] Downloading update (53151 of 59659 KB)...
[ 89%] Downloading update (53656 of 59659 KB)...
[ 89%] Downloading update (54113 of 59659 KB)...
[ 90%] Downloading update (54568 of 59659 KB)...
[ 91%] Downloading update (55086 of 59659 KB)...
[ 92%] Downloading update (55548 of 59659 KB)...
[ 93%] Downloading update (55999 of 59659 KB)...
[ 93%] Downloading update (56530 of 59659 KB)...
[ 94%] Downloading update (56994 of 59659 KB)...
[ 95%] Downloading update (57511 of 59659 KB)...
[ 96%] Downloading update (57987 of 59659 KB)...
[ 97%] Downloading update (58450 of 59659 KB)...
[ 97%] Downloading update (58947 of 59659 KB)...
[ 98%] Downloading update (59414 of 59659 KB)...
[ 99%] Downloading update (59659 of 59659 KB)...
[100%] Download Complete.
[----] Applying update...
[----] Extracting package...
[----] Installing update...
[----] Cleaning up...
[----] Update complete, launching...
WARNING: setlocale('en_US.UTF-8') failed, using locale: 'C'. International characters may not work.
Redirecting stderr to '/home/cs2server/.local/share/Steam/logs/stderr.txt'
Logging directory: '/home/cs2server/.local/share/Steam/logs'
[  0%] Checking for available updates...
[----] Verifying installation...
[  0%] Downloading update...
[  0%] Checking for available updates...
[----] Download complete.
[----] Extracting package...
[----] Installing update...
[----] Cleaning up...
[----] Update complete, launching Steamcmd...
WARNING: setlocale('en_US.UTF-8') failed, using locale: 'C'. International characters may not work.
Redirecting stderr to '/home/cs2server/.local/share/Steam/logs/stderr.txt'
Logging directory: '/home/cs2server/.local/share/Steam/logs'
[  0%] Checking for available updates...
[----] Verifying installation...
Steam Console Client (c) Valve Corporation - version 1701290101
-- type 'quit' to exit --
Loading Steam API...dlmopen steamservice.so failed: steamservice.so: cannot open shared object file: No such file or directory
OK

Connecting anonymously to Steam Public...OK
Waiting for client config...OK
Waiting for user info...OK
 Update state (0x3) reconfiguring, progress: 0.00 (0 / 0)
 Update state (0x61) downloading, progress: 0.00 (0 / 35475992896)
 Update state (0x61) downloading, progress: 0.01 (5280849 / 35475992896)
 Update state (0x61) downloading, progress: 0.09 (31495249 / 35475992896)
 Update state (0x61) downloading, progress: 0.28 (98296945 / 35475992896)
 Update state (0x61) downloading, progress: 0.55 (194474375 / 35475992896)
 Update state (0x61) downloading, progress: 0.80 (284657333 / 35475992896)
 Update state (0x61) downloading, progress: 0.98 (348906197 / 35475992896)
 Update state (0x61) downloading, progress: 1.19 (422425416 / 35475992896)
 Update state (0x61) downloading, progress: 1.43 (505707788 / 35475992896)
 Update state (0x61) downloading, progress: 1.52 (538000110 / 35475992896)
 Update state (0x61) downloading, progress: 1.55 (548428701 / 35475992896)
 Update state (0x61) downloading, progress: 1.60 (567038228 / 35475992896)
 Update state (0x61) downloading, progress: 1.63 (579889932 / 35475992896)
 Update state (0x61) downloading, progress: 1.66 (589589394 / 35475992896)
 Update state (0x61) downloading, progress: 1.69 (600464566 / 35475992896)
 Update state (0x61) downloading, progress: 1.96 (695368044 / 35475992896)
 Update state (0x61) downloading, progress: 2.14 (758815363 / 35475992896)
 Update state (0x61) downloading, progress: 2.27 (805300387 / 35475992896)
 Update state (0x61) downloading, progress: 2.41 (854464693 / 35475992896)
 Update state (0x61) downloading, progress: 2.57 (910039221 / 35475992896)
 Update state (0x61) downloading, progress: 2.71 (962468021 / 35475992896)
 Update state (0x61) downloading, progress: 2.84 (1007836609 / 35475992896)
 Update state (0x61) downloading, progress: 2.99 (1060265409 / 35475992896)
 Update state (0x61) downloading, progress: 3.15 (1115839937 / 35475992896)
 Update state (0x61) downloading, progress: 3.30 (1169317313 / 35475992896)
 Update state (0x61) downloading, progress: 3.42 (1214406081 / 35475992896)
 Update state (0x61) downloading, progress: 3.55 (1258446273 / 35475992896)
 Update state (0x61) downloading, progress: 3.72 (1320312257 / 35475992896)
 Update state (0x61) downloading, progress: 3.86 (1368975877 / 35475992896)
 Update state (0x61) downloading, progress: 3.98 (1410918917 / 35475992896)
 Update state (0x61) downloading, progress: 4.11 (1459591274 / 35475992896)
 Update state (0x61) downloading, progress: 4.24 (1505455409 / 35475992896)
 Update state (0x61) downloading, progress: 4.41 (1564297736 / 35475992896)
 Update state (0x61) downloading, progress: 4.55 (1615677960 / 35475992896)
 Update state (0x61) downloading, progress: 4.70 (1666183429 / 35475992896)
 Update state (0x61) downloading, progress: 4.85 (1720709381 / 35475992896)
 Update state (0x61) downloading, progress: 5.00 (1775235333 / 35475992896)
 Update state (0x61) downloading, progress: 5.14 (1822421253 / 35475992896)
 Update state (0x61) downloading, progress: 5.27 (1870655749 / 35475992896)
 Update state (0x61) downloading, progress: 5.41 (1920987397 / 35475992896)
 Update state (0x61) downloading, progress: 5.58 (1979707653 / 35475992896)
 Update state (0x61) downloading, progress: 5.73 (2032136453 / 35475992896)
 Update state (0x61) downloading, progress: 5.84 (2073462483 / 35475992896)
 Update state (0x61) downloading, progress: 5.97 (2117502675 / 35475992896)
 Update state (0x61) downloading, progress: 6.13 (2173274991 / 35475992896)
 Update state (0x61) downloading, progress: 6.29 (2229898095 / 35475992896)
 Update state (0x61) downloading, progress: 6.43 (2282194210 / 35475992896)
 Update state (0x61) downloading, progress: 6.58 (2334623010 / 35475992896)
 Update state (0x61) downloading, progress: 6.72 (2385355573 / 35475992896)
 Update state (0x61) downloading, progress: 6.90 (2446436881 / 35475992896)
 Update state (0x61) downloading, progress: 7.05 (2499914257 / 35475992896)
 Update state (0x61) downloading, progress: 7.22 (2560731665 / 35475992896)
 Update state (0x61) downloading, progress: 7.35 (2606869009 / 35475992896)
 Update state (0x61) downloading, progress: 7.48 (2655103505 / 35475992896)
 Update state (0x61) downloading, progress: 7.63 (2705426314 / 35475992896)
 Update state (0x61) downloading, progress: 7.78 (2759257472 / 35475992896)
 Update state (0x61) downloading, progress: 7.94 (2815880576 / 35475992896)
 Update state (0x61) downloading, progress: 8.10 (2872306370 / 35475992896)
 Update state (0x61) downloading, progress: 8.23 (2921335935 / 35475992896)
 Update state (0x61) downloading, progress: 8.38 (2973615984 / 35475992896)
 Update state (0x61) downloading, progress: 8.52 (3021036255 / 35475992896)
 Update state (0x61) downloading, progress: 8.65 (3067254390 / 35475992896)
 Update state (0x61) downloading, progress: 8.78 (3113527104 / 35475992896)
 Update state (0x61) downloading, progress: 8.90 (3158499360 / 35475992896)
 Update state (0x61) downloading, progress: 9.08 (3220878332 / 35475992896)
 Update state (0x61) downloading, progress: 9.22 (3269112828 / 35475992896)
 Update state (0x61) downloading, progress: 9.24 (3277501436 / 35475992896)
 Update state (0x61) downloading, progress: 9.32 (3307910140 / 35475992896)
 Update state (0x61) downloading, progress: 9.47 (3361203379 / 35475992896)
 Update state (0x61) downloading, progress: 9.63 (3414680755 / 35475992896)
 Update state (0x61) downloading, progress: 9.75 (3459300115 / 35475992896)
 Update state (0x61) downloading, progress: 9.90 (3512674316 / 35475992896)
 Update state (0x61) downloading, progress: 10.04 (3563005964 / 35475992896)
 Update state (0x61) downloading, progress: 10.21 (3620770687 / 35475992896)
 Update state (0x61) downloading, progress: 10.36 (3674489879 / 35475992896)
 Update state (0x61) downloading, progress: 10.49 (3721675799 / 35475992896)
 Update state (0x61) downloading, progress: 10.63 (3769747531 / 35475992896)
 Update state (0x61) downloading, progress: 10.77 (3821127755 / 35475992896)
 Update state (0x61) downloading, progress: 10.90 (3866216523 / 35475992896)
 Update state (0x61) downloading, progress: 11.04 (3916548171 / 35475992896)
 Update state (0x61) downloading, progress: 11.19 (3969987418 / 35475992896)
 Update state (0x61) downloading, progress: 11.32 (4014349850 / 35475992896)
 Update state (0x61) downloading, progress: 11.44 (4057692888 / 35475992896)
 Update state (0x61) downloading, progress: 11.61 (4118381609 / 35475992896)
 Update state (0x61) downloading, progress: 11.77 (4173956137 / 35475992896)
 Update state (0x61) downloading, progress: 11.91 (4225336361 / 35475992896)
 Update state (0x61) downloading, progress: 12.04 (4272423314 / 35475992896)
 Update state (0x61) downloading, progress: 12.17 (4316575985 / 35475992896)
 Update state (0x61) downloading, progress: 12.30 (4362886075 / 35475992896)
 Update state (0x61) downloading, progress: 12.43 (4409362022 / 35475992896)
 Update state (0x61) downloading, progress: 12.58 (4463887974 / 35475992896)
 Update state (0x61) downloading, progress: 12.73 (4515786150 / 35475992896)
 Update state (0x61) downloading, progress: 12.87 (4567166374 / 35475992896)
 Update state (0x61) downloading, progress: 12.99 (4607988814 / 35475992896)
 Update state (0x61) downloading, progress: 13.13 (4658585373 / 35475992896)
 Update state (0x61) downloading, progress: 13.28 (4710050552 / 35475992896)
 Update state (0x61) downloading, progress: 13.37 (4744653560 / 35475992896)
 Update state (0x61) downloading, progress: 13.49 (4785548024 / 35475992896)
 Update state (0x61) downloading, progress: 13.57 (4815038981 / 35475992896)
 Update state (0x61) downloading, progress: 13.68 (4853069365 / 35475992896)
 Update state (0x61) downloading, progress: 13.81 (4897472475 / 35475992896)
 Update state (0x61) downloading, progress: 13.95 (4948852699 / 35475992896)
 Update state (0x61) downloading, progress: 14.11 (5004577675 / 35475992896)
 Update state (0x61) downloading, progress: 14.25 (5056361995 / 35475992896)
 Update state (0x61) downloading, progress: 14.37 (5098305035 / 35475992896)
 Update state (0x61) downloading, progress: 14.48 (5138150923 / 35475992896)
 Update state (0x61) downloading, progress: 14.59 (5177191801 / 35475992896)
 Update state (0x61) downloading, progress: 14.74 (5227610793 / 35475992896)
 Update state (0x61) downloading, progress: 14.88 (5278273881 / 35475992896)
 Update state (0x61) downloading, progress: 15.01 (5324488441 / 35475992896)
 Update state (0x61) downloading, progress: 15.11 (5360651065 / 35475992896)
 Update state (0x61) downloading, progress: 15.23 (5403694073 / 35475992896)
 Update state (0x61) downloading, progress: 15.36 (5450068425 / 35475992896)
 Update state (0x61) downloading, progress: 15.50 (5497254345 / 35475992896)
 Update state (0x61) downloading, progress: 15.64 (5547118633 / 35475992896)
 Update state (0x61) downloading, progress: 15.82 (5612287241 / 35475992896)
 Update state (0x61) downloading, progress: 16.00 (5677361425 / 35475992896)
 Update state (0x61) downloading, progress: 16.14 (5725595921 / 35475992896)
 Update state (0x61) downloading, progress: 16.27 (5772676585 / 35475992896)
 Update state (0x61) downloading, progress: 16.42 (5824048532 / 35475992896)
 Update state (0x61) downloading, progress: 16.55 (5872918788 / 35475992896)
 Update state (0x61) downloading, progress: 16.70 (5925347588 / 35475992896)
 Update state (0x61) downloading, progress: 16.84 (5975911108 / 35475992896)
 Update state (0x61) downloading, progress: 16.98 (6023501480 / 35475992896)
 Update state (0x61) downloading, progress: 17.11 (6069037768 / 35475992896)
 Update state (0x61) downloading, progress: 17.23 (6112494769 / 35475992896)
 Update state (0x61) downloading, progress: 17.38 (6164168852 / 35475992896)
 Update state (0x61) downloading, progress: 17.50 (6206694437 / 35475992896)
 Update state (0x61) downloading, progress: 17.62 (6250492837 / 35475992896)
 Update state (0x61) downloading, progress: 17.76 (6300824485 / 35475992896)
 Update state (0x61) downloading, progress: 17.88 (6343448814 / 35475992896)
 Update state (0x61) downloading, progress: 18.02 (6392502147 / 35475992896)
 Update state (0x61) downloading, progress: 18.16 (6441837779 / 35475992896)
 Update state (0x61) downloading, progress: 18.31 (6497412307 / 35475992896)
 Update state (0x61) downloading, progress: 18.46 (6548074844 / 35475992896)
 Update state (0x61) downloading, progress: 18.59 (6594068694 / 35475992896)
 Update state (0x61) downloading, progress: 18.74 (6646497494 / 35475992896)
 Update state (0x61) downloading, progress: 18.88 (6699114190 / 35475992896)
 Update state (0x61) downloading, progress: 19.02 (6747348686 / 35475992896)
 Update state (0x61) downloading, progress: 19.19 (6808044329 / 35475992896)
 Update state (0x61) downloading, progress: 19.34 (6862570281 / 35475992896)
 Update state (0x61) downloading, progress: 19.51 (6922740897 / 35475992896)
 Update state (0x61) downloading, progress: 19.68 (6981463211 / 35475992896)
 Update state (0x61) downloading, progress: 19.82 (7030196429 / 35475992896)
 Update state (0x61) downloading, progress: 19.95 (7078040335 / 35475992896)
 Update state (0x61) downloading, progress: 20.08 (7125226255 / 35475992896)
 Update state (0x61) downloading, progress: 20.21 (7168217871 / 35475992896)
 Update state (0x61) downloading, progress: 20.35 (7218604485 / 35475992896)
 Update state (0x61) downloading, progress: 20.49 (7269984709 / 35475992896)
 Update state (0x61) downloading, progress: 20.65 (7325053275 / 35475992896)
 Update state (0x61) downloading, progress: 20.80 (7378530651 / 35475992896)
 Update state (0x61) downloading, progress: 20.98 (7443542363 / 35475992896)
 Update state (0x61) downloading, progress: 21.17 (7509627595 / 35475992896)
 Update state (0x61) downloading, progress: 21.31 (7561007819 / 35475992896)
 Update state (0x61) downloading, progress: 21.45 (7610290891 / 35475992896)
 Update state (0x61) downloading, progress: 21.57 (7651185355 / 35475992896)
 Update state (0x61) downloading, progress: 21.70 (7698371275 / 35475992896)
 Update state (0x61) downloading, progress: 21.84 (7746599447 / 35475992896)
 Update state (0x61) downloading, progress: 21.97 (7792715963 / 35475992896)
 Update state (0x61) downloading, progress: 22.10 (7838853307 / 35475992896)
 Update state (0x61) downloading, progress: 22.24 (7890205627 / 35475992896)
 Update state (0x61) downloading, progress: 22.38 (7940197517 / 35475992896)
 Update state (0x61) downloading, progress: 22.51 (7986368599 / 35475992896)
 Update state (0x61) downloading, progress: 22.64 (8031457367 / 35475992896)
 Update state (0x61) downloading, progress: 22.73 (8065043527 / 35475992896)
 Update state (0x61) downloading, progress: 22.87 (8114326599 / 35475992896)
 Update state (0x61) downloading, progress: 23.00 (8158366791 / 35475992896)
 Update state (0x61) downloading, progress: 23.13 (8205489825 / 35475992896)
 Update state (0x61) downloading, progress: 23.26 (8251627169 / 35475992896)
 Update state (0x61) downloading, progress: 23.39 (8297773477 / 35475992896)
 Update state (0x61) downloading, progress: 23.52 (8344959947 / 35475992896)
 Update state (0x61) downloading, progress: 23.65 (8389000139 / 35475992896)
 Update state (0x61) downloading, progress: 23.81 (8446835259 / 35475992896)
 Update state (0x61) downloading, progress: 23.95 (8498207443 / 35475992896)
 Update state (0x61) downloading, progress: 24.10 (8549102803 / 35475992896)
 Update state (0x61) downloading, progress: 24.23 (8597329190 / 35475992896)
 Update state (0x61) downloading, progress: 24.37 (8646693482 / 35475992896)
 Update state (0x61) downloading, progress: 24.52 (8699218512 / 35475992896)
 Update state (0x61) downloading, progress: 24.64 (8742069660 / 35475992896)
 Update state (0x61) downloading, progress: 24.77 (8787514180 / 35475992896)
 Update state (0x61) downloading, progress: 24.90 (8834397438 / 35475992896)
 Update state (0x61) downloading, progress: 25.03 (8878536654 / 35475992896)
 Update state (0x61) downloading, progress: 25.16 (8924075321 / 35475992896)
 Update state (0x61) downloading, progress: 25.30 (8976735014 / 35475992896)
 Update state (0x61) downloading, progress: 25.45 (9027066662 / 35475992896)
 Update state (0x61) downloading, progress: 25.61 (9083694700 / 35475992896)
 Update state (0x61) downloading, progress: 25.73 (9129473984 / 35475992896)
 Update state (0x61) downloading, progress: 25.86 (9175727747 / 35475992896)
 Update state (0x61) downloading, progress: 25.99 (9220331775 / 35475992896)
 Update state (0x61) downloading, progress: 26.12 (9265453376 / 35475992896)
 Update state (0x61) downloading, progress: 26.25 (9312344736 / 35475992896)
 Update state (0x61) downloading, progress: 26.38 (9357004848 / 35475992896)
 Update state (0x61) downloading, progress: 26.55 (9417822256 / 35475992896)
 Update state (0x61) downloading, progress: 26.68 (9466056752 / 35475992896)
 Update state (0x61) downloading, progress: 26.83 (9519534128 / 35475992896)
 Update state (0x61) downloading, progress: 26.98 (9572247888 / 35475992896)
 Update state (0x61) downloading, progress: 27.12 (9620914544 / 35475992896)
 Update state (0x61) downloading, progress: 27.28 (9676489072 / 35475992896)
 Update state (0x61) downloading, progress: 27.42 (9727597469 / 35475992896)
 Update state (0x61) downloading, progress: 27.55 (9774851390 / 35475992896)
 Update state (0x61) downloading, progress: 27.69 (9822550430 / 35475992896)
 Update state (0x61) downloading, progress: 27.83 (9872882078 / 35475992896)
 Update state (0x61) downloading, progress: 28.00 (9933699486 / 35475992896)
 Update state (0x61) downloading, progress: 28.16 (9991694263 / 35475992896)
 Update state (0x61) downloading, progress: 28.30 (10040984035 / 35475992896)
 Update state (0x61) downloading, progress: 28.46 (10097244339 / 35475992896)
 Update state (0x61) downloading, progress: 28.61 (10149666640 / 35475992896)
 Update state (0x61) downloading, progress: 28.76 (10204609659 / 35475992896)
 Update state (0x61) downloading, progress: 28.90 (10252615435 / 35475992896)
 Update state (0x61) downloading, progress: 29.06 (10309980275 / 35475992896)
 Update state (0x61) downloading, progress: 29.19 (10354017843 / 35475992896)
 Update state (0x61) downloading, progress: 29.32 (10401881713 / 35475992896)
 Update state (0x61) downloading, progress: 29.45 (10446236452 / 35475992896)
 Update state (0x61) downloading, progress: 29.57 (10491655719 / 35475992896)
 Update state (0x61) downloading, progress: 29.70 (10537163975 / 35475992896)
 Update state (0x61) downloading, progress: 29.85 (10590619863 / 35475992896)
 Update state (0x61) downloading, progress: 29.99 (10639370747 / 35475992896)
 Update state (0x61) downloading, progress: 30.12 (10685423499 / 35475992896)
 Update state (0x61) downloading, progress: 30.24 (10728554571 / 35475992896)
 Update state (0x61) downloading, progress: 30.37 (10772489083 / 35475992896)
 Update state (0x61) downloading, progress: 30.48 (10813699025 / 35475992896)
 Update state (0x61) downloading, progress: 30.64 (10868704139 / 35475992896)
 Update state (0x61) downloading, progress: 30.80 (10926694283 / 35475992896)
 Update state (0x61) downloading, progress: 30.94 (10975602363 / 35475992896)
 Update state (0x61) downloading, progress: 31.08 (11027634364 / 35475992896)
 Update state (0x61) downloading, progress: 31.21 (11070625132 / 35475992896)
 Update state (0x61) downloading, progress: 31.33 (11113456940 / 35475992896)
 Update state (0x61) downloading, progress: 31.44 (11154056460 / 35475992896)
 Update state (0x61) downloading, progress: 31.57 (11201242380 / 35475992896)
 Update state (0x61) downloading, progress: 31.70 (11244233996 / 35475992896)
 Update state (0x61) downloading, progress: 31.85 (11298796432 / 35475992896)
 Update state (0x61) downloading, progress: 31.97 (11343181893 / 35475992896)
 Update state (0x61) downloading, progress: 32.11 (11390967733 / 35475992896)
 Update state (0x61) downloading, progress: 32.25 (11441299381 / 35475992896)
 Update state (0x61) downloading, progress: 32.40 (11495030910 / 35475992896)
 Update state (0x61) downloading, progress: 32.56 (11549556862 / 35475992896)
 Update state (0x61) downloading, progress: 32.69 (11598839934 / 35475992896)
 Update state (0x61) downloading, progress: 32.83 (11646256460 / 35475992896)
 Update state (0x61) downloading, progress: 32.98 (11698349260 / 35475992896)
 Update state (0x61) downloading, progress: 33.12 (11747951570 / 35475992896)
 Update state (0x61) downloading, progress: 33.24 (11792991826 / 35475992896)
 Update state (0x61) downloading, progress: 33.37 (11838340994 / 35475992896)
 Update state (0x61) downloading, progress: 33.49 (11881735728 / 35475992896)
 Update state (0x61) downloading, progress: 33.62 (11926920992 / 35475992896)
 Update state (0x61) downloading, progress: 33.75 (11974106912 / 35475992896)
 Update state (0x61) downloading, progress: 33.89 (12023304549 / 35475992896)
 Update state (0x61) downloading, progress: 34.04 (12077658837 / 35475992896)
 Update state (0x61) downloading, progress: 34.23 (12142889885 / 35475992896)
 Update state (0x61) downloading, progress: 34.36 (12187981004 / 35475992896)
 Update state (0x61) downloading, progress: 34.50 (12238534940 / 35475992896)
 Update state (0x61) downloading, progress: 34.62 (12280815356 / 35475992896)
 Update state (0x61) downloading, progress: 34.75 (12326207745 / 35475992896)
 Update state (0x61) downloading, progress: 34.88 (12374184753 / 35475992896)
 Update state (0x61) downloading, progress: 35.04 (12430380065 / 35475992896)
 Update state (0x61) downloading, progress: 35.17 (12475196245 / 35475992896)
 Update state (0x61) downloading, progress: 35.30 (12523166661 / 35475992896)
 Update state (0x61) downloading, progress: 35.42 (12564208635 / 35475992896)
 Update state (0x61) downloading, progress: 35.55 (12612982537 / 35475992896)
 Update state (0x61) downloading, progress: 35.68 (12659038441 / 35475992896)
 Update state (0x61) downloading, progress: 35.80 (12699982921 / 35475992896)
 Update state (0x61) downloading, progress: 35.92 (12744221401 / 35475992896)
 Update state (0x61) downloading, progress: 36.06 (12791052950 / 35475992896)
 Update state (0x61) downloading, progress: 36.20 (12841018573 / 35475992896)
 Update state (0x61) downloading, progress: 36.34 (12893376345 / 35475992896)
 Update state (0x61) downloading, progress: 36.49 (12946536825 / 35475992896)
 Update state (0x61) downloading, progress: 36.64 (12999223241 / 35475992896)
 Update state (0x61) downloading, progress: 36.77 (13045031241 / 35475992896)
 Update state (0x61) downloading, progress: 36.89 (13087552762 / 35475992896)
 Update state (0x61) downloading, progress: 37.01 (13131040970 / 35475992896)
 Update state (0x61) downloading, progress: 37.16 (13182404511 / 35475992896)
 Update state (0x61) downloading, progress: 37.30 (13231051815 / 35475992896)
 Update state (0x61) downloading, progress: 37.43 (13277915079 / 35475992896)
 Update state (0x61) downloading, progress: 37.56 (13325670746 / 35475992896)
 Update state (0x61) downloading, progress: 37.69 (13372468043 / 35475992896)
 Update state (0x61) downloading, progress: 37.82 (13418684530 / 35475992896)
 Update state (0x61) downloading, progress: 37.95 (13464082514 / 35475992896)
 Update state (0x61) downloading, progress: 38.09 (13514066210 / 35475992896)
 Update state (0x61) downloading, progress: 38.25 (13567864594 / 35475992896)
 Update state (0x61) downloading, progress: 38.39 (13619656258 / 35475992896)
 Update state (0x61) downloading, progress: 38.52 (13667075588 / 35475992896)
 Update state (0x61) downloading, progress: 38.64 (13706644212 / 35475992896)
 Update state (0x61) downloading, progress: 38.70 (13730198244 / 35475992896)
 Update state (0x61) downloading, progress: 38.86 (13786847264 / 35475992896)
 Update state (0x61) downloading, progress: 39.00 (13835537167 / 35475992896)
 Update state (0x61) downloading, progress: 39.14 (13885914556 / 35475992896)
 Update state (0x61) downloading, progress: 39.27 (13932672454 / 35475992896)
 Update state (0x61) downloading, progress: 39.39 (13974525558 / 35475992896)
 Update state (0x61) downloading, progress: 39.52 (14021107430 / 35475992896)
 Update state (0x61) downloading, progress: 39.66 (14069614041 / 35475992896)
 Update state (0x61) downloading, progress: 39.80 (14119109257 / 35475992896)
 Update state (0x61) downloading, progress: 39.95 (14172586633 / 35475992896)
 Update state (0x61) downloading, progress: 40.12 (14233650217 / 35475992896)
 Update state (0x61) downloading, progress: 40.24 (14275257727 / 35475992896)
 Update state (0x61) downloading, progress: 40.43 (14343121339 / 35475992896)
 Update state (0x61) downloading, progress: 40.56 (14390219691 / 35475992896)
 Update state (0x61) downloading, progress: 40.70 (14438860411 / 35475992896)
 Update state (0x61) downloading, progress: 40.84 (14488779968 / 35475992896)
 Update state (0x61) downloading, progress: 40.98 (14537096320 / 35475992896)
 Update state (0x61) downloading, progress: 41.12 (14586788121 / 35475992896)
 Update state (0x61) downloading, progress: 41.25 (14633493517 / 35475992896)
 Update state (0x61) downloading, progress: 41.38 (14678626989 / 35475992896)
 Update state (0x61) downloading, progress: 41.52 (14728511461 / 35475992896)
 Update state (0x61) downloading, progress: 41.64 (14772779285 / 35475992896)
 Update state (0x61) downloading, progress: 41.80 (14828295949 / 35475992896)
 Update state (0x61) downloading, progress: 41.95 (14880728912 / 35475992896)
 Update state (0x61) downloading, progress: 42.11 (14937668824 / 35475992896)
 Update state (0x61) downloading, progress: 42.22 (14976622402 / 35475992896)
 Update state (0x61) downloading, progress: 42.33 (15017451357 / 35475992896)
 Update state (0x61) downloading, progress: 42.52 (15084005063 / 35475992896)
 Update state (0x61) downloading, progress: 42.68 (15142677476 / 35475992896)
 Update state (0x61) downloading, progress: 42.82 (15191674299 / 35475992896)
 Update state (0x61) downloading, progress: 42.95 (15238113156 / 35475992896)
 Update state (0x61) downloading, progress: 43.08 (15282484516 / 35475992896)
 Update state (0x61) downloading, progress: 43.19 (15322330404 / 35475992896)
 Update state (0x61) downloading, progress: 43.36 (15380905868 / 35475992896)
 Update state (0x61) downloading, progress: 43.52 (15438162196 / 35475992896)
 Update state (0x61) downloading, progress: 43.69 (15500508137 / 35475992896)
 Update state (0x61) downloading, progress: 43.84 (15552916065 / 35475992896)
 Update state (0x61) downloading, progress: 43.98 (15601801200 / 35475992896)
 Update state (0x61) downloading, progress: 44.10 (15643184384 / 35475992896)
 Update state (0x61) downloading, progress: 44.25 (15698717037 / 35475992896)
 Update state (0x61) downloading, progress: 44.38 (15742950653 / 35475992896)
 Update state (0x61) downloading, progress: 44.54 (15801025356 / 35475992896)
 Update state (0x61) downloading, progress: 44.69 (15855159145 / 35475992896)
 Update state (0x61) downloading, progress: 44.81 (15897102185 / 35475992896)
 Update state (0x61) downloading, progress: 44.95 (15945051148 / 35475992896)
 Update state (0x61) downloading, progress: 45.07 (15988244156 / 35475992896)
 Update state (0x61) downloading, progress: 45.19 (16030065523 / 35475992896)
 Update state (0x61) downloading, progress: 45.32 (16078157123 / 35475992896)
 Update state (0x61) downloading, progress: 45.44 (16121076035 / 35475992896)
 Update state (0x61) downloading, progress: 45.60 (16178047947 / 35475992896)
 Update state (0x61) downloading, progress: 45.76 (16234067883 / 35475992896)
 Update state (0x61) downloading, progress: 45.91 (16288470075 / 35475992896)
 Update state (0x61) downloading, progress: 46.03 (16328456251 / 35475992896)
 Update state (0x61) downloading, progress: 46.14 (16369800901 / 35475992896)
 Update state (0x61) downloading, progress: 46.30 (16424378420 / 35475992896)
 Update state (0x61) downloading, progress: 46.44 (16473701236 / 35475992896)
 Update state (0x61) downloading, progress: 46.56 (16516294292 / 35475992896)
 Update state (0x61) downloading, progress: 46.67 (16555251069 / 35475992896)
 Update state (0x61) downloading, progress: 46.80 (16602169085 / 35475992896)
 Update state (0x61) downloading, progress: 46.93 (16650033857 / 35475992896)
 Update state (0x61) downloading, progress: 47.09 (16704894481 / 35475992896)
 Update state (0x61) downloading, progress: 47.26 (16766571397 / 35475992896)
 Update state (0x61) downloading, progress: 47.39 (16811618277 / 35475992896)
 Update state (0x61) downloading, progress: 47.51 (16855278117 / 35475992896)
 Update state (0x61) downloading, progress: 47.65 (16905337439 / 35475992896)
 Update state (0x61) downloading, progress: 47.79 (16953070191 / 35475992896)
 Update state (0x61) downloading, progress: 47.94 (17008943279 / 35475992896)
 Update state (0x61) downloading, progress: 48.10 (17062318847 / 35475992896)
 Update state (0x61) downloading, progress: 48.25 (17116109519 / 35475992896)
 Update state (0x61) downloading, progress: 48.39 (17165562710 / 35475992896)
 Update state (0x61) downloading, progress: 48.55 (17222185814 / 35475992896)
 Update state (0x61) downloading, progress: 48.68 (17269374798 / 35475992896)
 Update state (0x61) downloading, progress: 48.83 (17321480633 / 35475992896)
 Update state (0x61) downloading, progress: 48.97 (17371704827 / 35475992896)
 Update state (0x61) downloading, progress: 49.09 (17413502813 / 35475992896)
 Update state (0x61) downloading, progress: 49.21 (17457309261 / 35475992896)
 Update state (0x61) downloading, progress: 49.35 (17507202111 / 35475992896)
 Update state (0x61) downloading, progress: 49.51 (17563327438 / 35475992896)
 Update state (0x61) downloading, progress: 49.64 (17611561934 / 35475992896)
 Update state (0x61) downloading, progress: 49.80 (17668435476 / 35475992896)
 Update state (0x61) downloading, progress: 49.95 (17721336639 / 35475992896)
 Update state (0x61) downloading, progress: 50.12 (17781934711 / 35475992896)
 Update state (0x61) downloading, progress: 50.28 (17836460663 / 35475992896)
 Update state (0x61) downloading, progress: 50.43 (17888788143 / 35475992896)
 Update state (0x61) downloading, progress: 50.57 (17941977963 / 35475992896)
 Update state (0x61) downloading, progress: 50.71 (17989514683 / 35475992896)
 Update state (0x61) downloading, progress: 50.84 (18037333003 / 35475992896)
 Update state (0x61) downloading, progress: 50.97 (18081373195 / 35475992896)
 Update state (0x61) downloading, progress: 51.12 (18134850571 / 35475992896)
 Update state (0x61) downloading, progress: 51.25 (18179994641 / 35475992896)
 Update state (0x61) downloading, progress: 51.38 (18226599249 / 35475992896)
 Update state (0x61) downloading, progress: 51.54 (18283222353 / 35475992896)
 Update state (0x61) downloading, progress: 51.67 (18329359697 / 35475992896)
 Update state (0x61) downloading, progress: 51.81 (18378350305 / 35475992896)
 Update state (0x61) downloading, progress: 51.93 (18421576090 / 35475992896)
 Update state (0x61) downloading, progress: 52.06 (18468421178 / 35475992896)
 Update state (0x61) downloading, progress: 52.20 (18520000742 / 35475992896)
 Update state (0x61) downloading, progress: 52.34 (18567726552 / 35475992896)
 Update state (0x61) downloading, progress: 52.46 (18610270392 / 35475992896)
 Update state (0x61) downloading, progress: 52.58 (18654795764 / 35475992896)
 Update state (0x61) downloading, progress: 52.71 (18699281371 / 35475992896)
 Update state (0x61) downloading, progress: 52.88 (18759525195 / 35475992896)
 Update state (0x61) downloading, progress: 53.04 (18816339595 / 35475992896)
 Update state (0x61) downloading, progress: 53.18 (18866327635 / 35475992896)
 Update state (0x61) downloading, progress: 53.29 (18906173523 / 35475992896)
 Update state (0x61) downloading, progress: 53.47 (18969783395 / 35475992896)
 Update state (0x61) downloading, progress: 53.60 (19016808293 / 35475992896)
 Update state (0x61) downloading, progress: 53.74 (19065323541 / 35475992896)
 Update state (0x61) downloading, progress: 53.87 (19111446533 / 35475992896)
 Update state (0x61) downloading, progress: 54.00 (19157110309 / 35475992896)
 Update state (0x61) downloading, progress: 54.12 (19200640457 / 35475992896)
 Update state (0x61) downloading, progress: 54.30 (19264016297 / 35475992896)
 Update state (0x61) downloading, progress: 54.45 (19317211051 / 35475992896)
 Update state (0x61) downloading, progress: 54.57 (19360792930 / 35475992896)
 Update state (0x61) downloading, progress: 54.69 (19403265730 / 35475992896)
 Update state (0x61) downloading, progress: 54.81 (19443408410 / 35475992896)
 Update state (0x61) downloading, progress: 54.89 (19473870762 / 35475992896)
 Update state (0x61) downloading, progress: 54.96 (19499036586 / 35475992896)
 Update state (0x61) downloading, progress: 55.10 (19547524237 / 35475992896)
 Update state (0x61) downloading, progress: 55.26 (19603091728 / 35475992896)
 Update state (0x61) downloading, progress: 55.41 (19656845305 / 35475992896)
 Update state (0x61) downloading, progress: 55.54 (19703931201 / 35475992896)
 Update state (0x61) downloading, progress: 55.68 (19751599849 / 35475992896)
 Update state (0x61) downloading, progress: 55.82 (19801693105 / 35475992896)
 Update state (0x61) downloading, progress: 55.94 (19844684721 / 35475992896)
 Update state (0x61) downloading, progress: 56.08 (19894504289 / 35475992896)
 Update state (0x61) downloading, progress: 56.21 (19940559841 / 35475992896)
 Update state (0x61) downloading, progress: 56.34 (19987146347 / 35475992896)
 Update state (0x61) downloading, progress: 56.47 (20033608179 / 35475992896)
 Update state (0x61) downloading, progress: 56.63 (20089753742 / 35475992896)
 Update state (0x61) downloading, progress: 56.77 (20137988238 / 35475992896)
 Update state (0x61) downloading, progress: 56.91 (20187827006 / 35475992896)
 Update state (0x61) downloading, progress: 57.03 (20231667854 / 35475992896)
 Update state (0x61) downloading, progress: 57.18 (20283907640 / 35475992896)
 Update state (0x61) downloading, progress: 57.30 (20328615875 / 35475992896)
 Update state (0x61) downloading, progress: 57.44 (20377415931 / 35475992896)
 Update state (0x61) downloading, progress: 57.56 (20421626683 / 35475992896)
 Update state (0x61) downloading, progress: 57.71 (20473528251 / 35475992896)
 Update state (0x61) downloading, progress: 57.84 (20518527467 / 35475992896)
 Update state (0x61) downloading, progress: 57.96 (20563025029 / 35475992896)
 Update state (0x61) downloading, progress: 58.09 (20609202021 / 35475992896)
 Update state (0x61) downloading, progress: 58.24 (20661843087 / 35475992896)
 Update state (0x61) downloading, progress: 58.40 (20716694409 / 35475992896)
 Update state (0x61) downloading, progress: 58.54 (20768587614 / 35475992896)
 Update state (0x61) downloading, progress: 58.67 (20814867358 / 35475992896)
 Update state (0x61) downloading, progress: 58.91 (20898823137 / 35475992896)
 Update state (0x61) downloading, progress: 59.14 (20978974567 / 35475992896)
 Update state (0x61) downloading, progress: 59.26 (21023445161 / 35475992896)
 Update state (0x61) downloading, progress: 59.39 (21070724339 / 35475992896)
 Update state (0x61) downloading, progress: 59.53 (21117354705 / 35475992896)
 Update state (0x61) downloading, progress: 59.65 (21162877022 / 35475992896)
 Update state (0x61) downloading, progress: 59.78 (21207057258 / 35475992896)
 Update state (0x61) downloading, progress: 59.89 (21247354221 / 35475992896)
 Update state (0x61) downloading, progress: 60.02 (21291191631 / 35475992896)
 Update state (0x61) downloading, progress: 60.13 (21332523179 / 35475992896)
 Update state (0x61) downloading, progress: 60.33 (21402823636 / 35475992896)
 Update state (0x61) downloading, progress: 60.47 (21452106708 / 35475992896)
 Update state (0x61) downloading, progress: 60.62 (21505601619 / 35475992896)
 Update state (0x61) downloading, progress: 60.77 (21558030419 / 35475992896)
 Update state (0x61) downloading, progress: 60.92 (21611338414 / 35475992896)
 Update state (0x61) downloading, progress: 61.07 (21664824235 / 35475992896)
 Update state (0x61) downloading, progress: 61.20 (21710961579 / 35475992896)
 Update state (0x61) downloading, progress: 61.35 (21764425617 / 35475992896)
 Update state (0x61) downloading, progress: 61.49 (21813502529 / 35475992896)
 Update state (0x61) downloading, progress: 61.65 (21870055601 / 35475992896)
 Update state (0x61) downloading, progress: 61.77 (21913876254 / 35475992896)
 Update state (0x61) downloading, progress: 61.92 (21966260494 / 35475992896)
 Update state (0x61) downloading, progress: 62.07 (22018848878 / 35475992896)
 Update state (0x61) downloading, progress: 62.22 (22074847174 / 35475992896)
 Update state (0x61) downloading, progress: 62.37 (22126364742 / 35475992896)
 Update state (0x61) downloading, progress: 62.50 (22173550662 / 35475992896)
 Update state (0x61) downloading, progress: 62.65 (22225740646 / 35475992896)
 Update state (0x61) downloading, progress: 62.78 (22272926566 / 35475992896)
 Update state (0x61) downloading, progress: 62.94 (22327452518 / 35475992896)
 Update state (0x61) downloading, progress: 63.08 (22378832742 / 35475992896)
 Update state (0x61) downloading, progress: 63.21 (22426018662 / 35475992896)
 Update state (0x61) downloading, progress: 63.35 (22473486790 / 35475992896)
 Update state (0x61) downloading, progress: 63.49 (22523724045 / 35475992896)
 Update state (0x61) downloading, progress: 63.61 (22566524308 / 35475992896)
 Update state (0x61) downloading, progress: 63.73 (22609515924 / 35475992896)
 Update state (0x61) downloading, progress: 63.94 (22684798603 / 35475992896)
 Update state (0x61) downloading, progress: 64.12 (22748761739 / 35475992896)
 Update state (0x61) downloading, progress: 64.23 (22786510475 / 35475992896)
 Update state (0x61) downloading, progress: 64.31 (22814822027 / 35475992896)
 Update state (0x61) downloading, progress: 64.43 (22857813643 / 35475992896)
 Update state (0x61) downloading, progress: 64.54 (22897633991 / 35475992896)
 Update state (0x61) downloading, progress: 64.67 (22941674183 / 35475992896)
 Update state (0x61) downloading, progress: 64.79 (22983617223 / 35475992896)
 Update state (0x61) downloading, progress: 64.92 (23031851719 / 35475992896)
 Update state (0x61) downloading, progress: 65.05 (23077977149 / 35475992896)
 Update state (0x61) downloading, progress: 65.19 (23128308797 / 35475992896)
 Update state (0x61) downloading, progress: 65.31 (23170251837 / 35475992896)
 Update state (0x61) downloading, progress: 65.44 (23216413279 / 35475992896)
 Update state (0x61) downloading, progress: 65.55 (23256259167 / 35475992896)
 Update state (0x61) downloading, progress: 65.71 (23310720241 / 35475992896)
 Update state (0x61) downloading, progress: 65.86 (23365246193 / 35475992896)
 Update state (0x61) downloading, progress: 66.00 (23413480689 / 35475992896)
 Update state (0x61) downloading, progress: 66.11 (23454333029 / 35475992896)
 Update state (0x61) downloading, progress: 66.24 (23498953477 / 35475992896)
 Update state (0x61) downloading, progress: 66.43 (23565549164 / 35475992896)
 Update state (0x61) downloading, progress: 66.56 (23613854220 / 35475992896)
 Update state (0x61) downloading, progress: 66.72 (23668338380 / 35475992896)
 Update state (0x61) downloading, progress: 66.83 (23707796034 / 35475992896)
 Update state (0x61) downloading, progress: 66.96 (23754981954 / 35475992896)
 Update state (0x61) downloading, progress: 67.09 (23799902295 / 35475992896)
 Update state (0x61) downloading, progress: 67.20 (23839212023 / 35475992896)
 Update state (0x61) downloading, progress: 67.34 (23888269527 / 35475992896)
 Update state (0x61) downloading, progress: 67.43 (23919936391 / 35475992896)
 Update state (0x61) downloading, progress: 67.58 (23975510919 / 35475992896)
 Update state (0x61) downloading, progress: 67.72 (24026059975 / 35475992896)
 Update state (0x61) downloading, progress: 67.87 (24078103927 / 35475992896)
 Update state (0x61) downloading, progress: 67.99 (24121355642 / 35475992896)
 Update state (0x61) downloading, progress: 68.14 (24171628682 / 35475992896)
 Update state (0x61) downloading, progress: 68.26 (24217096638 / 35475992896)
 Update state (0x61) downloading, progress: 68.30 (24228630974 / 35475992896)
 Update state (0x61) downloading, progress: 68.38 (24258357422 / 35475992896)
 Update state (0x61) downloading, progress: 68.52 (24306840102 / 35475992896)
 Update state (0x61) downloading, progress: 68.65 (24352606295 / 35475992896)
 Update state (0x61) downloading, progress: 68.77 (24396431279 / 35475992896)
 Update state (0x61) downloading, progress: 68.91 (24445209388 / 35475992896)
 Update state (0x61) downloading, progress: 69.03 (24489284775 / 35475992896)
 Update state (0x61) downloading, progress: 69.15 (24533324967 / 35475992896)
 Update state (0x61) downloading, progress: 69.29 (24582055863 / 35475992896)
 Update state (0x61) downloading, progress: 69.40 (24621935114 / 35475992896)
 Update state (0x61) downloading, progress: 69.52 (24662020202 / 35475992896)
 Update state (0x61) downloading, progress: 69.64 (24706162250 / 35475992896)
 Update state (0x61) downloading, progress: 69.80 (24760595642 / 35475992896)
 Update state (0x61) downloading, progress: 69.91 (24802615914 / 35475992896)
 Update state (0x61) downloading, progress: 70.05 (24851739890 / 35475992896)
 Update state (0x61) downloading, progress: 70.18 (24898698997 / 35475992896)
 Update state (0x61) downloading, progress: 70.31 (24942247555 / 35475992896)
 Update state (0x61) downloading, progress: 70.43 (24986639379 / 35475992896)
 Update state (0x61) downloading, progress: 70.56 (25031293289 / 35475992896)
 Update state (0x61) downloading, progress: 70.70 (25082304649 / 35475992896)
 Update state (0x61) downloading, progress: 70.84 (25132593036 / 35475992896)
 Update state (0x61) downloading, progress: 70.97 (25178730380 / 35475992896)
 Update state (0x61) downloading, progress: 71.10 (25222282792 / 35475992896)
 Update state (0x61) downloading, progress: 71.22 (25267624170 / 35475992896)
 Update state (0x61) downloading, progress: 71.34 (25309606682 / 35475992896)
 Update state (0x61) downloading, progress: 71.47 (25355244160 / 35475992896)
 Update state (0x61) downloading, progress: 71.60 (25400392292 / 35475992896)
 Update state (0x61) downloading, progress: 71.74 (25449110110 / 35475992896)
 Update state (0x61) downloading, progress: 71.88 (25500368334 / 35475992896)
 Update state (0x61) downloading, progress: 72.03 (25551721663 / 35475992896)
 Update state (0x61) downloading, progress: 72.17 (25601732623 / 35475992896)
 Update state (0x61) downloading, progress: 72.30 (25647868289 / 35475992896)
 Update state (0x61) downloading, progress: 72.42 (25690024812 / 35475992896)
 Update state (0x61) downloading, progress: 72.56 (25743008588 / 35475992896)
 Update state (0x61) downloading, progress: 72.70 (25790353804 / 35475992896)
 Update state (0x61) downloading, progress: 72.81 (25831410044 / 35475992896)
 Update state (0x61) downloading, progress: 72.94 (25875509652 / 35475992896)
 Update state (0x61) downloading, progress: 73.06 (25918303604 / 35475992896)
 Update state (0x61) downloading, progress: 73.17 (25957571508 / 35475992896)
 Update state (0x61) downloading, progress: 73.31 (26007970057 / 35475992896)
 Update state (0x61) downloading, progress: 73.47 (26062496009 / 35475992896)
 Update state (0x61) downloading, progress: 73.59 (26107497556 / 35475992896)
 Update state (0x61) downloading, progress: 73.71 (26150751124 / 35475992896)
 Update state (0x61) downloading, progress: 73.84 (26196098436 / 35475992896)
 Update state (0x61) downloading, progress: 73.96 (26239391492 / 35475992896)
 Update state (0x61) downloading, progress: 74.10 (26286673657 / 35475992896)
 Update state (0x61) downloading, progress: 74.23 (26333402042 / 35475992896)
 Update state (0x61) downloading, progress: 74.35 (26377723654 / 35475992896)
 Update state (0x61) downloading, progress: 74.48 (26422716620 / 35475992896)
 Update state (0x61) downloading, progress: 74.60 (26464163836 / 35475992896)
 Update state (0x61) downloading, progress: 74.75 (26518010684 / 35475992896)
 Update state (0x61) downloading, progress: 74.88 (26565909453 / 35475992896)
 Update state (0x61) downloading, progress: 75.04 (26620627484 / 35475992896)
 Update state (0x61) downloading, progress: 75.16 (26664064524 / 35475992896)
 Update state (0x61) downloading, progress: 75.28 (26705760124 / 35475992896)
 Update state (0x61) downloading, progress: 75.40 (26747869916 / 35475992896)
 Update state (0x61) downloading, progress: 75.53 (26793641960 / 35475992896)
 Update state (0x61) downloading, progress: 75.65 (26838384843 / 35475992896)
 Update state (0x61) downloading, progress: 75.80 (26889806567 / 35475992896)
 Update state (0x61) downloading, progress: 75.94 (26940035899 / 35475992896)
 Update state (0x61) downloading, progress: 76.08 (26988668805 / 35475992896)
 Update state (0x61) downloading, progress: 76.24 (27046178912 / 35475992896)
 Update state (0x61) downloading, progress: 76.37 (27092200471 / 35475992896)
 Update state (0x61) downloading, progress: 76.49 (27136787159 / 35475992896)
 Update state (0x61) downloading, progress: 76.62 (27180080686 / 35475992896)
 Update state (0x61) downloading, progress: 76.74 (27224218702 / 35475992896)
 Update state (0x61) downloading, progress: 76.88 (27275368822 / 35475992896)
 Update state (0x61) downloading, progress: 77.00 (27318241327 / 35475992896)
 Update state (0x61) downloading, progress: 77.15 (27370139870 / 35475992896)
 Update state (0x61) downloading, progress: 77.29 (27420119722 / 35475992896)
 Update state (0x61) downloading, progress: 77.43 (27469132218 / 35475992896)
 Update state (0x61) downloading, progress: 77.57 (27519947189 / 35475992896)
 Update state (0x61) downloading, progress: 77.68 (27558744501 / 35475992896)
 Update state (0x61) downloading, progress: 77.82 (27606715649 / 35475992896)
 Update state (0x61) downloading, progress: 77.94 (27651584130 / 35475992896)
 Update state (0x61) downloading, progress: 78.06 (27692409127 / 35475992896)
 Update state (0x61) downloading, progress: 78.18 (27735785192 / 35475992896)
 Update state (0x61) downloading, progress: 78.30 (27777432747 / 35475992896)
 Update state (0x61) downloading, progress: 78.44 (27827033339 / 35475992896)
 Update state (0x61) downloading, progress: 78.58 (27876955899 / 35475992896)
 Update state (0x61) downloading, progress: 78.72 (27927355155 / 35475992896)
 Update state (0x61) downloading, progress: 78.86 (27976799707 / 35475992896)
 Update state (0x61) downloading, progress: 79.03 (28034937750 / 35475992896)
 Update state (0x61) downloading, progress: 79.16 (28081183659 / 35475992896)
 Update state (0x61) downloading, progress: 79.26 (28118932395 / 35475992896)
 Update state (0x61) downloading, progress: 79.41 (28170504174 / 35475992896)
 Update state (0x61) downloading, progress: 79.52 (28212196886 / 35475992896)
 Update state (0x61) downloading, progress: 79.70 (28273481462 / 35475992896)
 Update state (0x61) downloading, progress: 79.84 (28325109396 / 35475992896)
 Update state (0x61) downloading, progress: 79.98 (28372018068 / 35475992896)
 Update state (0x61) downloading, progress: 80.10 (28417291316 / 35475992896)
 Update state (0x61) downloading, progress: 80.22 (28460479348 / 35475992896)
 Update state (0x61) downloading, progress: 80.35 (28504243636 / 35475992896)
 Update state (0x61) downloading, progress: 80.49 (28554933716 / 35475992896)
 Update state (0x61) downloading, progress: 80.61 (28597606688 / 35475992896)
 Update state (0x61) downloading, progress: 80.74 (28642986528 / 35475992896)
 Update state (0x61) downloading, progress: 80.88 (28694490569 / 35475992896)
 Update state (0x61) downloading, progress: 81.03 (28744501008 / 35475992896)
 Update state (0x61) downloading, progress: 81.17 (28794544217 / 35475992896)
 Update state (0x61) downloading, progress: 81.32 (28849738473 / 35475992896)
 Update state (0x61) downloading, progress: 81.43 (28886438633 / 35475992896)
 Update state (0x61) downloading, progress: 81.60 (28947845897 / 35475992896)
 Update state (0x61) downloading, progress: 81.75 (29001560500 / 35475992896)
 Update state (0x61) downloading, progress: 81.90 (29055678022 / 35475992896)
 Update state (0x61) downloading, progress: 82.01 (29092486594 / 35475992896)
 Update state (0x61) downloading, progress: 82.13 (29137992834 / 35475992896)
 Update state (0x61) downloading, progress: 82.27 (29187111482 / 35475992896)
 Update state (0x61) downloading, progress: 82.41 (29234991763 / 35475992896)
 Update state (0x61) downloading, progress: 82.54 (29282080189 / 35475992896)
 Update state (0x61) downloading, progress: 82.65 (29321552281 / 35475992896)
 Update state (0x61) downloading, progress: 82.77 (29363375705 / 35475992896)
 Update state (0x61) downloading, progress: 82.88 (29403764541 / 35475992896)
 Update state (0x61) downloading, progress: 83.00 (29446310271 / 35475992896)
 Update state (0x61) downloading, progress: 83.14 (29493851104 / 35475992896)
 Update state (0x61) downloading, progress: 83.27 (29540209860 / 35475992896)
 Update state (0x61) downloading, progress: 83.41 (29589201668 / 35475992896)
 Update state (0x61) downloading, progress: 83.53 (29633495342 / 35475992896)
 Update state (0x61) downloading, progress: 83.66 (29680479070 / 35475992896)
 Update state (0x61) downloading, progress: 83.82 (29734350399 / 35475992896)
 Update state (0x61) downloading, progress: 83.95 (29781615391 / 35475992896)
 Update state (0x61) downloading, progress: 84.10 (29835581019 / 35475992896)
 Update state (0x61) downloading, progress: 84.28 (29897750971 / 35475992896)
 Update state (0x61) downloading, progress: 84.42 (29949746715 / 35475992896)
 Update state (0x61) downloading, progress: 84.56 (29998012676 / 35475992896)
 Update state (0x61) downloading, progress: 84.69 (30046278164 / 35475992896)
 Update state (0x61) downloading, progress: 84.80 (30085121874 / 35475992896)
 Update state (0x61) downloading, progress: 84.93 (30129976301 / 35475992896)
 Update state (0x61) downloading, progress: 85.07 (30178002221 / 35475992896)
 Update state (0x61) downloading, progress: 85.18 (30218896685 / 35475992896)
 Update state (0x61) downloading, progress: 85.29 (30257693997 / 35475992896)
 Update state (0x61) downloading, progress: 85.41 (30300428813 / 35475992896)
 Update state (0x61) downloading, progress: 85.53 (30342760909 / 35475992896)
 Update state (0x61) downloading, progress: 85.67 (30391515949 / 35475992896)
 Update state (0x61) downloading, progress: 85.81 (30441863917 / 35475992896)
 Update state (0x61) downloading, progress: 85.94 (30487632061 / 35475992896)
 Update state (0x61) downloading, progress: 86.06 (30529510381 / 35475992896)
 Update state (0x61) downloading, progress: 86.20 (30579796301 / 35475992896)
 Update state (0x61) downloading, progress: 86.35 (30633412253 / 35475992896)
 Update state (0x61) downloading, progress: 86.49 (30684479149 / 35475992896)
 Update state (0x61) downloading, progress: 86.63 (30731965741 / 35475992896)
 Update state (0x61) downloading, progress: 86.74 (30771962565 / 35475992896)
 Update state (0x61) downloading, progress: 86.92 (30833975573 / 35475992896)
 Update state (0x61) downloading, progress: 87.04 (30878770549 / 35475992896)
 Update state (0x61) downloading, progress: 87.19 (30929787221 / 35475992896)
 Update state (0x61) downloading, progress: 87.31 (30975738274 / 35475992896)
 Update state (0x61) downloading, progress: 87.46 (31028584761 / 35475992896)
 Update state (0x61) downloading, progress: 87.61 (31078916409 / 35475992896)
 Update state (0x61) downloading, progress: 87.74 (31128306237 / 35475992896)
 Update state (0x61) downloading, progress: 87.87 (31171297853 / 35475992896)
 Update state (0x61) downloading, progress: 87.99 (31214312680 / 35475992896)
 Update state (0x61) downloading, progress: 88.13 (31265136632 / 35475992896)
 Update state (0x61) downloading, progress: 88.25 (31308421128 / 35475992896)
 Update state (0x61) downloading, progress: 88.36 (31346881272 / 35475992896)
 Update state (0x61) downloading, progress: 88.51 (31398809864 / 35475992896)
 Update state (0x61) downloading, progress: 88.53 (31406149896 / 35475992896)
 Update state (0x61) downloading, progress: 88.60 (31431315720 / 35475992896)
 Update state (0x61) downloading, progress: 88.74 (31481027052 / 35475992896)
 Update state (0x61) downloading, progress: 88.89 (31534378877 / 35475992896)
 Update state (0x61) downloading, progress: 89.01 (31576682477 / 35475992896)
 Update state (0x61) downloading, progress: 89.13 (31621332942 / 35475992896)
 Update state (0x61) downloading, progress: 89.30 (31679187070 / 35475992896)
 Update state (0x61) downloading, progress: 89.42 (31723227262 / 35475992896)
 Update state (0x61) downloading, progress: 89.59 (31783839042 / 35475992896)
 Update state (0x61) downloading, progress: 89.71 (31826668786 / 35475992896)
 Update state (0x61) downloading, progress: 89.86 (31877061618 / 35475992896)
 Update state (0x61) downloading, progress: 89.98 (31922432034 / 35475992896)
 Update state (0x61) downloading, progress: 90.13 (31974045138 / 35475992896)
 Update state (0x61) downloading, progress: 90.25 (32017962962 / 35475992896)
 Update state (0x61) downloading, progress: 90.39 (32065058807 / 35475992896)
 Update state (0x61) downloading, progress: 90.51 (32108765303 / 35475992896)
 Update state (0x61) downloading, progress: 90.62 (32148989951 / 35475992896)
 Update state (0x61) downloading, progress: 90.79 (32207262863 / 35475992896)
 Update state (0x61) downloading, progress: 90.93 (32257594511 / 35475992896)
 Update state (0x61) downloading, progress: 90.96 (32269785015 / 35475992896)
 Update state (0x61) downloading, progress: 91.01 (32287222815 / 35475992896)
 Update state (0x61) downloading, progress: 91.18 (32346710139 / 35475992896)
 Update state (0x61) downloading, progress: 91.34 (32405332331 / 35475992896)
 Update state (0x61) downloading, progress: 91.47 (32450254619 / 35475992896)
 Update state (0x61) downloading, progress: 91.61 (32499130868 / 35475992896)
 Update state (0x61) downloading, progress: 91.71 (32534814424 / 35475992896)
 Update state (0x61) downloading, progress: 91.83 (32577750232 / 35475992896)
 Update state (0x61) downloading, progress: 91.96 (32622839000 / 35475992896)
 Update state (0x61) downloading, progress: 92.10 (32672808984 / 35475992896)
 Update state (0x61) downloading, progress: 92.26 (32728383512 / 35475992896)
 Update state (0x61) downloading, progress: 92.40 (32778981816 / 35475992896)
 Update state (0x61) downloading, progress: 92.54 (32830362040 / 35475992896)
 Update state (0x61) downloading, progress: 92.67 (32876355288 / 35475992896)
 Update state (0x61) downloading, progress: 92.83 (32930695133 / 35475992896)
 Update state (0x61) downloading, progress: 92.96 (32977615461 / 35475992896)
 Update state (0x61) downloading, progress: 93.11 (33032114197 / 35475992896)
 Update state (0x61) downloading, progress: 93.24 (33076641467 / 35475992896)
 Update state (0x61) downloading, progress: 93.36 (33120649915 / 35475992896)
 Update state (0x61) downloading, progress: 93.51 (33172030139 / 35475992896)
 Update state (0x61) downloading, progress: 93.70 (33242284731 / 35475992896)
 Update state (0x61) downloading, progress: 93.91 (33316066340 / 35475992896)
 Update state (0x61) downloading, progress: 94.07 (33373703808 / 35475992896)
 Update state (0x61) downloading, progress: 94.28 (33447756788 / 35475992896)
 Update state (0x61) downloading, progress: 94.43 (33499285805 / 35475992896)
 Update state (0x61) downloading, progress: 94.55 (33541061848 / 35475992896)
 Update state (0x61) downloading, progress: 94.65 (33579738352 / 35475992896)
 Update state (0x61) downloading, progress: 94.76 (33617044236 / 35475992896)
 Update state (0x61) downloading, progress: 94.88 (33660451147 / 35475992896)
 Update state (0x61) downloading, progress: 94.99 (33699567968 / 35475992896)
 Update state (0x61) downloading, progress: 95.23 (33785326040 / 35475992896)
 Update state (0x61) downloading, progress: 95.36 (33829366232 / 35475992896)
 Update state (0x61) downloading, progress: 95.49 (33876339392 / 35475992896)
 Update state (0x61) downloading, progress: 95.63 (33926875617 / 35475992896)
 Update state (0x61) downloading, progress: 95.76 (33970915809 / 35475992896)
 Update state (0x61) downloading, progress: 95.89 (34019254033 / 35475992896)
 Update state (0x61) downloading, progress: 96.03 (34069054145 / 35475992896)
 Update state (0x61) downloading, progress: 96.16 (34113094337 / 35475992896)
 Update state (0x61) downloading, progress: 96.27 (34153286402 / 35475992896)
 Update state (0x61) downloading, progress: 96.36 (34185160250 / 35475992896)
 Update state (0x61) downloading, progress: 96.54 (34248862384 / 35475992896)
 Update state (0x61) downloading, progress: 96.72 (34311303294 / 35475992896)
 Update state (0x61) downloading, progress: 96.88 (34369705502 / 35475992896)
 Update state (0x61) downloading, progress: 97.08 (34440184418 / 35475992896)
 Update state (0x61) downloading, progress: 97.17 (34472091922 / 35475992896)
 Update state (0x61) downloading, progress: 97.30 (34517821330 / 35475992896)
 Update state (0x61) downloading, progress: 97.42 (34560812946 / 35475992896)
 Update state (0x61) downloading, progress: 97.55 (34606981010 / 35475992896)
 Update state (0x61) downloading, progress: 97.69 (34656264082 / 35475992896)
 Update state (0x61) downloading, progress: 97.82 (34702405634 / 35475992896)
 Update state (0x61) downloading, progress: 97.94 (34745397250 / 35475992896)
 Update state (0x61) downloading, progress: 98.08 (34793661614 / 35475992896)
 Update state (0x61) downloading, progress: 98.21 (34840847534 / 35475992896)
 Update state (0x61) downloading, progress: 98.35 (34891179182 / 35475992896)
 Update state (0x61) downloading, progress: 98.46 (34929514948 / 35475992896)
 Update state (0x61) downloading, progress: 98.60 (34978636080 / 35475992896)
 Update state (0x61) downloading, progress: 98.72 (35020347216 / 35475992896)
 Update state (0x61) downloading, progress: 98.84 (35065592042 / 35475992896)
 Update state (0x61) downloading, progress: 98.97 (35110680810 / 35475992896)
 Update state (0x61) downloading, progress: 99.10 (35156790266 / 35475992896)
 Update state (0x61) downloading, progress: 99.23 (35201879034 / 35475992896)
 Update state (0x61) downloading, progress: 99.36 (35249064954 / 35475992896)
 Update state (0x61) downloading, progress: 99.50 (35297313942 / 35475992896)
 Update state (0x61) downloading, progress: 99.62 (35339888160 / 35475992896)
 Update state (0x61) downloading, progress: 99.74 (35383726096 / 35475992896)
 Update state (0x61) downloading, progress: 99.86 (35424943760 / 35475992896)
 Update state (0x61) downloading, progress: 99.97 (35466636096 / 35475992896)
 Update state (0x81) verifying update, progress: 3.13 (1108690287 / 35475992896)
 Update state (0x81) verifying update, progress: 7.06 (2504787559 / 35475992896)
 Update state (0x81) verifying update, progress: 10.85 (3848629079 / 35475992896)
 Update state (0x81) verifying update, progress: 12.28 (4356851065 / 35475992896)
 Update state (0x81) verifying update, progress: 13.08 (4639006520 / 35475992896)
 Update state (0x81) verifying update, progress: 15.93 (5652572197 / 35475992896)
 Update state (0x81) verifying update, progress: 19.83 (7034181957 / 35475992896)
 Update state (0x81) verifying update, progress: 23.64 (8385743792 / 35475992896)
 Update state (0x81) verifying update, progress: 27.50 (9755432324 / 35475992896)
 Update state (0x81) verifying update, progress: 31.33 (11113490829 / 35475992896)
 Update state (0x81) verifying update, progress: 35.29 (12519664513 / 35475992896)
 Update state (0x81) verifying update, progress: 39.28 (13933639654 / 35475992896)
 Update state (0x81) verifying update, progress: 43.24 (15341285612 / 35475992896)
 Update state (0x81) verifying update, progress: 47.16 (16731571129 / 35475992896)
 Update state (0x81) verifying update, progress: 51.08 (18121946647 / 35475992896)
 Update state (0x81) verifying update, progress: 54.98 (19503386358 / 35475992896)
 Update state (0x81) verifying update, progress: 58.98 (20922503330 / 35475992896)
 Update state (0x81) verifying update, progress: 62.84 (22294014569 / 35475992896)
 Update state (0x81) verifying update, progress: 66.69 (23659350834 / 35475992896)
 Update state (0x81) verifying update, progress: 70.44 (24990207855 / 35475992896)
 Update state (0x81) verifying update, progress: 74.31 (26361560011 / 35475992896)
 Update state (0x81) verifying update, progress: 78.22 (27750830895 / 35475992896)
 Update state (0x81) verifying update, progress: 82.15 (29145056419 / 35475992896)
 Update state (0x81) verifying update, progress: 86.10 (30545016324 / 35475992896)
 Update state (0x81) verifying update, progress: 89.97 (31919286222 / 35475992896)
 Update state (0x81) verifying update, progress: 93.97 (33336689251 / 35475992896)
 Update state (0x81) verifying update, progress: 97.72 (34667049138 / 35475992896)
dlmopen steamservice.so failed: steamservice.so: cannot open shared object file: No such file or directory
Work thread 'CContentUpdateContext::m_pCPUTh' is marked exited, but we could not immediately join prior to deleting -- proceeding without join
Success! App '730' fully installed.
Dec 06 21:11:39.084 cs2server: INSTALL: PASS: Installing cs2server: SteamCMD
Dec 06 21:11:39.737 cs2server: INSTALL: PASS: Downloading install_config.sh...
Dec 06 21:11:41.319 cs2server: INSTALL: PASS: Downloading server.cfg...
Dec 06 21:11:41.320 cs2server: INSTALL: INFO: Copying cs2server.cfg config file.
Dec 06 21:11:41.430 cs2server: INSTALL: INFO: Changing hostname.
Dec 06 21:11:41.534 cs2server: INSTALL: INFO: Changing rcon/admin password.
Dec 06 21:11:42.212 cs2server: INSTALL: PASS: Downloading install_gslt.sh...
Dec 06 21:11:42.316 cs2server: INSTALL: INFO: GSLT is an optional feature for Counter-Strike 2 server
Dec 06 21:11:42.317 cs2server: INSTALL: INFO: Get more info and a token here:
Dec 06 21:11:42.318 cs2server: INSTALL: INFO: https://docs.linuxgsm.com/steamcmd/gslt
Dec 06 21:11:42.320 cs2server: INSTALL: INFO: The GSLT can be changed by editing /home/cs2server/lgsm/config-lgsm/cs2server/cs2server.cfg.
Dec 06 21:11:43.777 cs2server: INSTALL: PASS: Downloading fix.sh...
Dec 06 21:11:44.256 cs2server: INSTALL: PASS: Downloading install_stats.sh...
Dec 06 21:12:19.739 cs2server: INSTALL: PASS: Downloading install_complete.sh...
Dec 06 21:12:19.843 cs2server: INSTALL: PASS: Install Complete!
Dec 06 21:12:19.844 cs2server: INSTALL: INFO: Install Complete!
Dec 06 21:12:19.848 cs2server: INSTALL: INFO: LinuxGSM version: v23.7.0
Dec 06 21:12:19.849 cs2server: INSTALL: PASS: core_exit.sh exiting with code: 0
Dec 06 21:12:58.552 cs2server: CORE: PASS: Downloading command_start.sh...
Dec 06 21:12:59.530 cs2server: START: PASS: Downloading check_root.sh...
Dec 06 21:13:00.008 cs2server: START: PASS: Downloading check_system_dir.sh...
Dec 06 21:13:00.475 cs2server: START: PASS: Downloading check_executable.sh...
Dec 06 21:13:01.039 cs2server: START: PASS: Downloading check_logs.sh...
Dec 06 21:13:02.361 cs2server: START: INFO: Logs installed
Dec 06 21:13:03.013 cs2server: START: PASS: Downloading check_config.sh...
Dec 06 21:13:07.630 cs2server: START: INFO: Using anonymous Steam login
Dec 06 21:13:08.021 cs2server: START: PASS: Downloading check_status.sh...
Dec 06 21:13:08.587 cs2server: START: PASS: Downloading fix_steamcmd.sh...
Dec 06 21:13:09.193 cs2server: START: INFO: Applying steamclient.so sdk64 hardlink fix: Counter-Strike 2
Dec 06 21:13:09.298 cs2server: START: PASS: Applying steamclient.so sdk64 hardlink fix: Counter-Strike 2
Dec 06 21:13:09.901 cs2server: START: INFO: Applying steamclient.so sdk32 link fix: Counter-Strike 2
Dec 06 21:13:10.021 cs2server: START: PASS: Applying steamclient.so sdk32 link fix: Counter-Strike 2
Dec 06 21:13:10.520 cs2server: START: PASS: Downloading core_logs.sh...
Dec 06 21:13:11.031 cs2server: START: INFO: Rotating log files
